2025-11-19 17:09:30,913 - INFO - Loading article: https://collegedunia.com/news/e-301-jee-main-2025-question-paper-2-april-shift-1
2025-11-19 17:09:44,688 - INFO - Found 74 question blocks
2025-11-19 17:09:44,822 - INFO - Fetching 74 solution pages with concurrency=3
2025-11-19 17:11:45,754 - INFO - Saved 74 questions to jee_main_shift1_full.json
2025-11-21 13:47:16,276 - INFO - Loading article: https://collegedunia.com/news/e-301-jee-main-2025-question-paper-2-april-shift-1
2025-11-21 13:47:23,261 - INFO - Found 74 question blocks
2025-11-21 13:47:23,276 - INFO - Scraping 74 solution pages with concurrency=4
2025-11-21 13:49:02,617 - INFO - Saved data to jee_main_shift1_full.json (solution_urls=74, solutions_detail=74)
2025-11-24 12:03:55,459 - INFO - Loading article: https://collegedunia.com/news/e-301-jee-main-2025-question-paper-2-april-shift-1
2025-11-24 12:04:02,670 - INFO - Found 74 question blocks
2025-11-24 12:04:02,688 - INFO - Scraping 74 solution pages with concurrency=4
2025-11-24 12:05:44,786 - INFO - Saved data to jee_main_shift1_full.json (solution_urls=74, solutions_detail=74)
2025-11-24 12:32:26,435 - INFO - Loading article: https://collegedunia.com/news/e-301-jee-main-2025-question-paper-2-april-shift-1
2025-11-24 12:32:33,387 - INFO - Found 74 question blocks
2025-11-24 12:32:33,401 - INFO - Scraping 74 solution pages with concurrency=4
2025-11-24 12:34:06,828 - INFO - Saved data to jee_main_shift1_full.json (solution_urls=74, solutions_detail=74)
2025-11-24 14:57:48,904 - INFO - Loading article: https://collegedunia.com/news/e-301-jee-main-2025-question-paper-2-april-shift-1
2025-11-24 14:57:56,183 - INFO - Found 74 question blocks
2025-11-24 14:57:56,198 - INFO - Scraping 74 solution pages with concurrency=4
2025-11-24 14:59:34,548 - INFO - Saved data to jee_main_shift1_full.json (solution_urls=74, solutions_detail=74)
2025-11-24 16:54:25,399 - INFO - Loading article: https://collegedunia.com/news/e-301-jee-main-2025-question-paper-2-april-shift-1
2025-11-24 16:54:32,164 - INFO - Found 74 question blocks
2025-11-24 16:54:32,180 - INFO - Scraping 74 solution pages with concurrency=4
2025-11-24 16:56:12,486 - ERROR - Error scraping article: 'list' object has no attribute 'get'
Traceback (most recent call last):
  File "C:\Users\DELL\Downloads\share-praful\main.py", line 110, in scrape_article
    num_urls = len(data.get("solution_urls", []))
                   ^^^^^^^^
AttributeError: 'list' object has no attribute 'get'
2025-11-25 13:41:09,696 - INFO - Loading article: https://collegedunia.com/news/e-301-jee-main-2025-question-paper-2-april-shift-1
2025-11-25 13:41:16,800 - INFO - Found 74 question blocks
2025-11-25 13:41:16,825 - INFO - Scraping 74 solution pages with concurrency=4
2025-11-25 13:42:57,080 - ERROR - Error scraping article: 'list' object has no attribute 'get'
Traceback (most recent call last):
  File "C:\Users\DELL\Downloads\share-praful\main.py", line 110, in scrape_article
    num_urls = len(data.get("solution_urls", []))
                   ^^^^^^^^
AttributeError: 'list' object has no attribute 'get'
2025-11-25 15:22:50,922 - INFO - Loading article: https://collegedunia.com/news/e-301-jee-main-2025-question-paper-2-april-shift-1
2025-11-25 15:22:57,526 - INFO - Found 74 question blocks
2025-11-25 15:22:57,550 - INFO - Scraping 74 solution pages with concurrency=4
2025-11-25 15:24:45,463 - ERROR - Error scraping article: 'list' object has no attribute 'get'
Traceback (most recent call last):
  File "C:\Users\DELL\Downloads\share-praful\main.py", line 110, in scrape_article
    num_urls = len(data.get("solution_urls", []))
                   ^^^^^^^^
AttributeError: 'list' object has no attribute 'get'
2025-11-25 15:37:27,121 - INFO - Loading article: https://collegedunia.com/news/e-301-jee-main-2025-question-paper-2-april-shift-1
2025-11-25 15:37:33,620 - INFO - Found 74 question blocks
2025-11-25 15:37:33,642 - INFO - Scraping 74 solution pages with concurrency=4
2025-11-25 15:39:14,698 - INFO - Saved 74 questions to jee_main_shift1_full.json
2025-11-25 16:20:45,128 - INFO - Loading article: https://collegedunia.com/news/e-301-jee-main-2025-question-paper-2-april-shift-1
2025-11-25 16:20:52,294 - INFO - Found 74 question blocks
2025-11-25 16:20:52,316 - INFO - Scraping 74 solution pages with concurrency=4
2025-11-25 16:22:29,743 - INFO - Saved 74 questions to jee_main_shift1_full.json
2025-11-25 17:26:24,098 - INFO - Loading article: https://collegedunia.com/news/e-457-neet-2025-question-paper-with-answer-key-and-solutions-pdf
2025-11-25 17:26:32,290 - INFO - Found 180 question blocks
2025-11-25 17:26:32,332 - INFO - Scraping 179 solution pages with concurrency=4
2025-11-25 17:30:13,723 - INFO - Saved 179 questions to neet_2025_full.json
